{
    "message": "\u60a8\u7684\u8ba1\u7b97\u673a\u5c06\u57282\u5206\u949f\u540e\u88ab\u9501\u5b9a\u3002",
    "network_info": {
        "hostname": "MacBook-Pro.local",
        "ip_address": "192.168.101.126",
        "mac_address": "c0:01:05:16:58:62"
    },
    "user_info": {
        "current_user": "uponly",
        "logged_users": "20:36  up 22 mins, 1 user, load averages: 1.94 2.46 3.75\nUSER     TTY      FROM              LOGIN@  IDLE WHAT\nuponly   console  -                20:16      20 -"
    },
    "cpu_usage": 6.9,
    "memory_usage": 59.2,
    "disk_usage": 2.4,
    "disk_io": [
        355854,
        91968,
        8301797376,
        1512050688,
        153042,
        3267
    ]
}{
    "message": "\u60a8\u7684\u8ba1\u7b97\u673a\u5c06\u57282\u5206\u949f\u540e\u88ab\u9501\u5b9a\u3002",
    "network_info": {
        "hostname": "MacBook-Pro.local",
        "ip_address": "192.168.101.126",
        "mac_address": "c0:01:05:16:58:62"
    },
    "user_info": {
        "current_user": "uponly",
        "logged_users": "20:36  up 22 mins, 1 user, load averages: 1.94 2.46 3.75\nUSER     TTY      FROM              LOGIN@  IDLE WHAT\nuponly   console  -                20:16      20 -"
    },
    "cpu_usage": 6.6,
    "memory_usage": 59.2,
    "disk_usage": 2.4,
    "disk_io": [
        355861,
        91968,
        8301887488,
        1512050688,
        153044,
        3267
    ]
}{
    "message": "\u60a8\u7684\u8ba1\u7b97\u673a\u5c06\u57282\u5206\u949f\u540e\u88ab\u9501\u5b9a\u3002",
    "network_info": {
        "hostname": "MacBook-Pro.local",
        "ip_address": "192.168.101.126",
        "mac_address": "c0:01:05:16:58:62"
    },
    "user_info": {
        "current_user": "uponly",
        "logged_users": "20:36  up 22 mins, 1 user, load averages: 1.94 2.46 3.75\nUSER     TTY      FROM              LOGIN@  IDLE WHAT\nuponly   console  -                20:16      20 -"
    },
    "cpu_usage": 8.1,
    "memory_usage": 59.3,
    "disk_usage": 2.4,
    "disk_io": [
        355864,
        91968,
        8301936640,
        1512050688,
        153045,
        3267
    ]
}{
    "message": "\u60a8\u7684\u8ba1\u7b97\u673a\u5c06\u57282\u5206\u949f\u540e\u88ab\u9501\u5b9a\u3002",
    "network_info": {
        "hostname": "MacBook-Pro.local",
        "ip_address": "192.168.101.126",
        "mac_address": "c0:01:05:16:58:62"
    },
    "user_info": {
        "current_user": "uponly",
        "logged_users": "20:36  up 22 mins, 1 user, load averages: 1.94 2.46 3.75\nUSER     TTY      FROM              LOGIN@  IDLE WHAT\nuponly   console  -                20:16      20 -"
    },
    "cpu_usage": 8.7,
    "memory_usage": 59.2,
    "disk_usage": 2.4,
    "disk_io": [
        355868,
        92069,
        8301973504,
        1512611840,
        153047,
        3271
    ]
}{
    "message": "\u60a8\u7684\u8ba1\u7b97\u673a\u5c06\u57282\u5206\u949f\u540e\u88ab\u9501\u5b9a\u3002",
    "network_info": {
        "hostname": "MacBook-Pro.local",
        "ip_address": "192.168.101.126",
        "mac_address": "c0:01:05:16:58:62"
    },
    "user_info": {
        "current_user": "uponly",
        "logged_users": "20:37  up 22 mins, 1 user, load averages: 1.94 2.46 3.75\nUSER     TTY      FROM              LOGIN@  IDLE WHAT\nuponly   console  -                20:16      20 -"
    },
    "cpu_usage": 9.2,
    "memory_usage": 59.2,
    "disk_usage": 2.4,
    "disk_io": [
        355871,
        92283,
        8302022656,
        1516498944,
        153048,
        3278
    ]
}{
    "message": "\u60a8\u7684\u8ba1\u7b97\u673a\u5c06\u57282\u5206\u949f\u540e\u88ab\u9501\u5b9a\u3002",
    "network_info": {
        "hostname": "MacBook-Pro.local",
        "ip_address": "192.168.101.126",
        "mac_address": "c0:01:05:16:58:62"
    },
    "user_info": {
        "current_user": "uponly",
        "logged_users": "20:37  up 22 mins, 1 user, load averages: 2.03 2.47 3.74\nUSER     TTY      FROM              LOGIN@  IDLE WHAT\nuponly   console  -                20:16      20 -"
    },
    "cpu_usage": 8.0,
    "memory_usage": 59.3,
    "disk_usage": 2.4,
    "disk_io": [
        355882,
        92363,
        8302198784,
        1516974080,
        153052,
        3285
    ]
}{
    "message": "\u60a8\u7684\u8ba1\u7b97\u673a\u5c06\u57282\u5206\u949f\u540e\u88ab\u9501\u5b9a\u3002",
    "network_info": {
        "hostname": "MacBook-Pro.local",
        "ip_address": "192.168.101.126",
        "mac_address": "c0:01:05:16:58:62"
    },
    "user_info": {
        "current_user": "uponly",
        "logged_users": "20:37  up 22 mins, 1 user, load averages: 2.03 2.47 3.74\nUSER     TTY      FROM              LOGIN@  IDLE WHAT\nuponly   console  -                20:16      20 -"
    },
    "cpu_usage": 7.1,
    "memory_usage": 59.3,
    "disk_usage": 2.4,
    "disk_io": [
        355886,
        92368,
        8302256128,
        1516994560,
        153054,
        3286
    ]
}{
    "message": "\u60a8\u7684\u8ba1\u7b97\u673a\u5c06\u57282\u5206\u949f\u540e\u88ab\u9501\u5b9a\u3002",
    "network_info": {
        "hostname": "MacBook-Pro.local",
        "ip_address": "192.168.101.126",
        "mac_address": "c0:01:05:16:58:62"
    },
    "user_info": {
        "current_user": "uponly",
        "logged_users": "20:37  up 22 mins, 1 user, load averages: 2.03 2.47 3.74\nUSER     TTY      FROM              LOGIN@  IDLE WHAT\nuponly   console  -                20:16      20 -"
    },
    "cpu_usage": 9.7,
    "memory_usage": 59.2,
    "disk_usage": 2.4,
    "disk_io": [
        355899,
        92371,
        8302403584,
        1517056000,
        153059,
        3286
    ]
}{
    "message": "\u60a8\u7684\u8ba1\u7b97\u673a\u5c06\u57282\u5206\u949f\u540e\u88ab\u9501\u5b9a\u3002",
    "network_info": {
        "hostname": "MacBook-Pro.local",
        "ip_address": "192.168.101.126",
        "mac_address": "c0:01:05:16:58:62"
    },
    "user_info": {
        "current_user": "uponly",
        "logged_users": "20:37  up 22 mins, 1 user, load averages: 2.03 2.47 3.74\nUSER     TTY      FROM              LOGIN@  IDLE WHAT\nuponly   console  -                20:16      21 -"
    },
    "cpu_usage": 7.5,
    "memory_usage": 59.2,
    "disk_usage": 2.4,
    "disk_io": [
        355906,
        92606,
        8302518272,
        1518374912,
        153060,
        3293
    ]
}{
    "message": "\u60a8\u7684\u8ba1\u7b97\u673a\u5c06\u57282\u5206\u949f\u540e\u88ab\u9501\u5b9a\u3002",
    "network_info": {
        "hostname": "MacBook-Pro.local",
        "ip_address": "127.0.0.1",
        "mac_address": "c0:01:05:16:58:62"
    },
    "user_info": {
        "current_user": "uponly",
        "logged_users": "20:37  up 22 mins, 1 user, load averages: 2.10 2.48 3.74\nUSER     TTY      FROM              LOGIN@  IDLE WHAT\nuponly   console  -                20:16      21 -"
    },
    "cpu_usage": 4.7,
    "memory_usage": 59.1,
    "disk_usage": 2.4,
    "disk_io": [
        355937,
        92646,
        8303513600,
        1518608384,
        153078,
        3294
    ]
}{
    "message": "\u60a8\u7684\u8ba1\u7b97\u673a\u5c06\u57282\u5206\u949f\u540e\u88ab\u9501\u5b9a\u3002",
    "network_info": {
        "hostname": "MacBook-Pro.local",
        "ip_address": "127.0.0.1",
        "mac_address": "c0:01:05:16:58:62"
    },
    "user_info": {
        "current_user": "uponly",
        "logged_users": "20:37  up 22 mins, 1 user, load averages: 2.10 2.48 3.74\nUSER     TTY      FROM              LOGIN@  IDLE WHAT\nuponly   console  -                20:16      21 -"
    },
    "cpu_usage": 7.5,
    "memory_usage": 59.1,
    "disk_usage": 2.4,
    "disk_io": [
        355941,
        92697,
        8303595520,
        1518903296,
        153079,
        3296
    ]
}{
    "message": "\u60a8\u7684\u8ba1\u7b97\u673a\u5c06\u57282\u5206\u949f\u540e\u88ab\u9501\u5b9a\u3002",
    "network_info": {
        "hostname": "MacBook-Pro.local",
        "ip_address": "127.0.0.1",
        "mac_address": "c0:01:05:16:58:62"
    },
    "user_info": {
        "current_user": "uponly",
        "logged_users": "20:37  up 22 mins, 1 user, load averages: 2.10 2.48 3.74\nUSER     TTY      FROM              LOGIN@  IDLE WHAT\nuponly   console  -                20:16      21 -"
    },
    "cpu_usage": 8.8,
    "memory_usage": 59.2,
    "disk_usage": 2.4,
    "disk_io": [
        355943,
        92709,
        8303611904,
        1519034368,
        153081,
        3298
    ]
}{
    "message": "\u60a8\u7684\u8ba1\u7b97\u673a\u5c06\u57282\u5206\u949f\u540e\u88ab\u9501\u5b9a\u3002",
    "network_info": {
        "hostname": "MacBook-Pro.local",
        "ip_address": "127.0.0.1",
        "mac_address": "c0:01:05:16:58:62"
    },
    "user_info": {
        "current_user": "uponly",
        "logged_users": "20:37  up 22 mins, 1 user, load averages: 2.18 2.48 3.73\nUSER     TTY      FROM              LOGIN@  IDLE WHAT\nuponly   console  -                20:16      21 -"
    },
    "cpu_usage": 7.9,
    "memory_usage": 59.2,
    "disk_usage": 2.4,
    "disk_io": [
        355946,
        92711,
        8303661056,
        1519042560,
        153082,
        3299
    ]
}{
    "message": "\u60a8\u7684\u8ba1\u7b97\u673a\u5c06\u57282\u5206\u949f\u540e\u88ab\u9501\u5b9a\u3002",
    "network_info": {
        "hostname": "MacBook-Pro.local",
        "ip_address": "127.0.0.1",
        "mac_address": "c0:01:05:16:58:62"
    },
    "user_info": {
        "current_user": "uponly",
        "logged_users": "20:37  up 22 mins, 1 user, load averages: 2.18 2.48 3.73\nUSER     TTY      FROM              LOGIN@  IDLE WHAT\nuponly   console  -                20:16      21 -"
    },
    "cpu_usage": 8.7,
    "memory_usage": 59.2,
    "disk_usage": 2.4,
    "disk_io": [
        355949,
        92777,
        8303710208,
        1519390720,
        153083,
        3303
    ]
}{
    "message": "\u60a8\u7684\u8ba1\u7b97\u673a\u5c06\u57282\u5206\u949f\u540e\u88ab\u9501\u5b9a\u3002",
    "network_info": {
        "hostname": "MacBook-Pro.local",
        "ip_address": "127.0.0.1",
        "mac_address": "c0:01:05:16:58:62"
    },
    "user_info": {
        "current_user": "uponly",
        "logged_users": "20:37  up 22 mins, 1 user, load averages: 2.18 2.48 3.73\nUSER     TTY      FROM              LOGIN@  IDLE WHAT\nuponly   console  -                20:16      21 -"
    },
    "cpu_usage": 8.1,
    "memory_usage": 59.2,
    "disk_usage": 2.4,
    "disk_io": [
        355951,
        92777,
        8303742976,
        1519390720,
        153084,
        3303
    ]
}{
    "message": "\u60a8\u7684\u8ba1\u7b97\u673a\u5c06\u57282\u5206\u949f\u540e\u88ab\u9501\u5b9a\u3002",
    "network_info": {
        "hostname": "MacBook-Pro.local",
        "ip_address": "127.0.0.1",
        "mac_address": "c0:01:05:16:58:62"
    },
    "user_info": {
        "current_user": "uponly",
        "logged_users": "20:37  up 22 mins, 1 user, load averages: 2.18 2.48 3.73\nUSER     TTY      FROM              LOGIN@  IDLE WHAT\nuponly   console  -                20:16      21 -"
    },
    "cpu_usage": 7.7,
    "memory_usage": 59.2,
    "disk_usage": 2.4,
    "disk_io": [
        355955,
        92778,
        8303800320,
        1519407104,
        153086,
        3303
    ]
}{
    "message": "\u60a8\u7684\u8ba1\u7b97\u673a\u5c06\u57282\u5206\u949f\u540e\u88ab\u9501\u5b9a\u3002",
    "network_info": {
        "hostname": "MacBook-Pro.local",
        "ip_address": "127.0.0.1",
        "mac_address": "c0:01:05:16:58:62"
    },
    "user_info": {
        "current_user": "uponly",
        "logged_users": "20:37  up 22 mins, 1 user, load averages: 2.56 2.56 3.75\nUSER     TTY      FROM              LOGIN@  IDLE WHAT\nuponly   console  -                20:16      21 -"
    },
    "cpu_usage": 6.7,
    "memory_usage": 59.2,
    "disk_usage": 2.4,
    "disk_io": [
        355963,
        92780,
        8304017408,
        1519439872,
        153089,
        3304
    ]
}{
    "message": "\u60a8\u7684\u8ba1\u7b97\u673a\u5c06\u57282\u5206\u949f\u540e\u88ab\u9501\u5b9a\u3002",
    "network_info": {
        "hostname": "MacBook-Pro.local",
        "ip_address": "127.0.0.1",
        "mac_address": "c0:01:05:16:58:62"
    },
    "user_info": {
        "current_user": "uponly",
        "logged_users": "20:37  up 22 mins, 1 user, load averages: 2.56 2.56 3.75\nUSER     TTY      FROM              LOGIN@  IDLE WHAT\nuponly   console  -                20:16      21 -"
    },
    "cpu_usage": 7.2,
    "memory_usage": 59.2,
    "disk_usage": 2.4,
    "disk_io": [
        355965,
        92866,
        8304050176,
        1519910912,
        153090,
        3308
    ]
}{
    "message": "\u60a8\u7684\u8ba1\u7b97\u673a\u5c06\u57282\u5206\u949f\u540e\u88ab\u9501\u5b9a\u3002",
    "network_info": {
        "hostname": "MacBook-Pro.local",
        "ip_address": "127.0.0.1",
        "mac_address": "c0:01:05:16:58:62"
    },
    "user_info": {
        "current_user": "uponly",
        "logged_users": "20:37  up 22 mins, 1 user, load averages: 2.56 2.56 3.75\nUSER     TTY      FROM              LOGIN@  IDLE WHAT\nuponly   console  -                20:16      21 -"
    },
    "cpu_usage": 7.0,
    "memory_usage": 59.3,
    "disk_usage": 2.4,
    "disk_io": [
        356091,
        93110,
        8306130944,
        1524273152,
        153106,
        3313
    ]
}{
    "message": "\u60a8\u7684\u8ba1\u7b97\u673a\u5c06\u57282\u5206\u949f\u540e\u88ab\u9501\u5b9a\u3002",
    "network_info": {
        "hostname": "MacBook-Pro.local",
        "ip_address": "127.0.0.1",
        "mac_address": "c0:01:05:16:58:62"
    },
    "user_info": {
        "current_user": "uponly",
        "logged_users": "20:37  up 22 mins, 1 user, load averages: 2.56 2.56 3.75\nUSER     TTY      FROM              LOGIN@  IDLE WHAT\nuponly   console  -                20:16      21 -"
    },
    "cpu_usage": 6.2,
    "memory_usage": 59.2,
    "disk_usage": 2.4,
    "disk_io": [
        356103,
        93181,
        8307015680,
        1524695040,
        153112,
        3315
    ]
}{
    "message": "\u60a8\u7684\u8ba1\u7b97\u673a\u5c06\u57282\u5206\u949f\u540e\u88ab\u9501\u5b9a\u3002",
    "network_info": {
        "hostname": "MacBook-Pro.local",
        "ip_address": "127.0.0.1",
        "mac_address": "c0:01:05:16:58:62"
    },
    "user_info": {
        "current_user": "uponly",
        "logged_users": "20:37  up 22 mins, 1 user, load averages: 2.56 2.56 3.75\nUSER     TTY      FROM              LOGIN@  IDLE WHAT\nuponly   console  -                20:16      21 -"
    },
    "cpu_usage": 7.0,
    "memory_usage": 59.2,
    "disk_usage": 2.4,
    "disk_io": [
        356123,
        93181,
        8307433472,
        1524695040,
        153116,
        3315
    ]
}{
    "message": "\u60a8\u7684\u8ba1\u7b97\u673a\u5c06\u57282\u5206\u949f\u540e\u88ab\u9501\u5b9a\u3002",
    "network_info": {
        "hostname": "MacBook-Pro.local",
        "ip_address": "127.0.0.1",
        "mac_address": "c0:01:05:16:58:62"
    },
    "user_info": {
        "current_user": "uponly",
        "logged_users": "20:37  up 22 mins, 1 user, load averages: 2.44 2.53 3.74\nUSER     TTY      FROM              LOGIN@  IDLE WHAT\nuponly   console  -                20:16      21 -"
    },
    "cpu_usage": 5.8,
    "memory_usage": 59.2,
    "disk_usage": 2.4,
    "disk_io": [
        356123,
        93182,
        8307433472,
        1524699136,
        153116,
        3316
    ]
}{
    "message": "\u60a8\u7684\u8ba1\u7b97\u673a\u5c06\u57282\u5206\u949f\u540e\u88ab\u9501\u5b9a\u3002",
    "network_info": {
        "hostname": "MacBook-Pro.local",
        "ip_address": "127.0.0.1",
        "mac_address": "c0:01:05:16:58:62"
    },
    "user_info": {
        "current_user": "uponly",
        "logged_users": "20:37  up 22 mins, 1 user, load averages: 2.44 2.53 3.74\nUSER     TTY      FROM              LOGIN@  IDLE WHAT\nuponly   console  -                20:16      21 -"
    },
    "cpu_usage": 5.8,
    "memory_usage": 59.2,
    "disk_usage": 2.4,
    "disk_io": [
        356123,
        93183,
        8307433472,
        1524703232,
        153116,
        3316
    ]
}{
    "message": "\u60a8\u7684\u8ba1\u7b97\u673a\u5c06\u57282\u5206\u949f\u540e\u88ab\u9501\u5b9a\u3002",
    "network_info": {
        "hostname": "MacBook-Pro.local",
        "ip_address": "127.0.0.1",
        "mac_address": "c0:01:05:16:58:62"
    },
    "user_info": {
        "current_user": "uponly",
        "logged_users": "20:37  up 22 mins, 1 user, load averages: 2.44 2.53 3.74\nUSER     TTY      FROM              LOGIN@  IDLE WHAT\nuponly   console  -                20:16      21 -"
    },
    "cpu_usage": 5.8,
    "memory_usage": 59.2,
    "disk_usage": 2.4,
    "disk_io": [
        356123,
        93184,
        8307433472,
        1524707328,
        153116,
        3317
    ]
}{
    "message": "\u60a8\u7684\u8ba1\u7b97\u673a\u5c06\u57282\u5206\u949f\u540e\u88ab\u9501\u5b9a\u3002",
    "network_info": {
        "hostname": "MacBook-Pro.local",
        "ip_address": "127.0.0.1",
        "mac_address": "c0:01:05:16:58:62"
    },
    "user_info": {
        "current_user": "uponly",
        "logged_users": "20:37  up 22 mins, 1 user, load averages: 2.44 2.53 3.74\nUSER     TTY      FROM              LOGIN@  IDLE WHAT\nuponly   console  -                20:16      21 -"
    },
    "cpu_usage": 6.6,
    "memory_usage": 59.2,
    "disk_usage": 2.4,
    "disk_io": [
        356123,
        93184,
        8307433472,
        1524707328,
        153116,
        3317
    ]
}{
    "message": "\u60a8\u7684\u8ba1\u7b97\u673a\u5c06\u57282\u5206\u949f\u540e\u88ab\u9501\u5b9a\u3002",
    "network_info": {
        "hostname": "MacBook-Pro.local",
        "ip_address": "127.0.0.1",
        "mac_address": "c0:01:05:16:58:62"
    },
    "user_info": {
        "current_user": "uponly",
        "logged_users": "20:37  up 22 mins, 1 user, load averages: 2.40 2.52 3.73\nUSER     TTY      FROM              LOGIN@  IDLE WHAT\nuponly   console  -                20:16      21 -"
    },
    "cpu_usage": 5.9,
    "memory_usage": 59.3,
    "disk_usage": 2.4,
    "disk_io": [
        356123,
        93184,
        8307433472,
        1524707328,
        153116,
        3317
    ]
}{
    "message": "\u60a8\u7684\u8ba1\u7b97\u673a\u5c06\u57282\u5206\u949f\u540e\u88ab\u9501\u5b9a\u3002",
    "network_info": {
        "hostname": "MacBook-Pro.local",
        "ip_address": "127.0.0.1",
        "mac_address": "c0:01:05:16:58:62"
    },
    "user_info": {
        "current_user": "uponly",
        "logged_users": "20:37  up 22 mins, 1 user, load averages: 2.40 2.52 3.73\nUSER     TTY      FROM              LOGIN@  IDLE WHAT\nuponly   console  -                20:16      21 -"
    },
    "cpu_usage": 5.4,
    "memory_usage": 59.2,
    "disk_usage": 2.4,
    "disk_io": [
        356123,
        93184,
        8307433472,
        1524707328,
        153116,
        3317
    ]
}{
    "message": "\u60a8\u7684\u8ba1\u7b97\u673a\u5c06\u57282\u5206\u949f\u540e\u88ab\u9501\u5b9a\u3002",
    "network_info": {
        "hostname": "MacBook-Pro.local",
        "ip_address": "127.0.0.1",
        "mac_address": "c0:01:05:16:58:62"
    },
    "user_info": {
        "current_user": "uponly",
        "logged_users": "20:37  up 22 mins, 1 user, load averages: 2.40 2.52 3.73\nUSER     TTY      FROM              LOGIN@  IDLE WHAT\nuponly   console  -                20:16      21 -"
    },
    "cpu_usage": 6.8,
    "memory_usage": 59.2,
    "disk_usage": 2.4,
    "disk_io": [
        356134,
        93258,
        8307601408,
        1525100544,
        153118,
        3319
    ]
}{
    "message": "\u60a8\u7684\u8ba1\u7b97\u673a\u5c06\u57282\u5206\u949f\u540e\u88ab\u9501\u5b9a\u3002",
    "network_info": {
        "hostname": "MacBook-Pro.local",
        "ip_address": "127.0.0.1",
        "mac_address": "c0:01:05:16:58:62"
    },
    "user_info": {
        "current_user": "uponly",
        "logged_users": "20:37  up 22 mins, 1 user, load averages: 2.40 2.52 3.73\nUSER     TTY      FROM              LOGIN@  IDLE WHAT\nuponly   console  -                20:16      21 -"
    },
    "cpu_usage": 7.5,
    "memory_usage": 59.2,
    "disk_usage": 2.4,
    "disk_io": [
        356140,
        93267,
        8307699712,
        1525280768,
        153121,
        3320
    ]
}{
    "message": "\u60a8\u7684\u8ba1\u7b97\u673a\u5c06\u57282\u5206\u949f\u540e\u88ab\u9501\u5b9a\u3002",
    "network_info": {
        "hostname": "MacBook-Pro.local",
        "ip_address": "127.0.0.1",
        "mac_address": "c0:01:05:16:58:62"
    },
    "user_info": {
        "current_user": "uponly",
        "logged_users": "20:37  up 22 mins, 1 user, load averages: 2.21 2.48 3.71\nUSER     TTY      FROM              LOGIN@  IDLE WHAT\nuponly   console  -                20:16      21 -"
    },
    "cpu_usage": 7.0,
    "memory_usage": 59.3,
    "disk_usage": 2.4,
    "disk_io": [
        356140,
        93478,
        8307699712,
        1528573952,
        153121,
        3325
    ]
}{
    "message": "\u60a8\u7684\u8ba1\u7b97\u673a\u5c06\u57282\u5206\u949f\u540e\u88ab\u9501\u5b9a\u3002",
    "network_info": {
        "hostname": "MacBook-Pro.local",
        "ip_address": "127.0.0.1",
        "mac_address": "c0:01:05:16:58:62"
    },
    "user_info": {
        "current_user": "uponly",
        "logged_users": "20:37  up 22 mins, 1 user, load averages: 2.21 2.48 3.71\nUSER     TTY      FROM              LOGIN@  IDLE WHAT\nuponly   console  -                20:16      21 -"
    },
    "cpu_usage": 7.7,
    "memory_usage": 59.2,
    "disk_usage": 2.4,
    "disk_io": [
        356141,
        93480,
        8307703808,
        1528582144,
        153121,
        3326
    ]
}{
    "message": "\u60a8\u7684\u8ba1\u7b97\u673a\u5c06\u57282\u5206\u949f\u540e\u88ab\u9501\u5b9a\u3002",
    "network_info": {
        "hostname": "MacBook-Pro.local",
        "ip_address": "127.0.0.1",
        "mac_address": "c0:01:05:16:58:62"
    },
    "user_info": {
        "current_user": "uponly",
        "logged_users": "20:37  up 22 mins, 1 user, load averages: 2.21 2.48 3.71\nUSER     TTY      FROM              LOGIN@  IDLE WHAT\nuponly   console  -                20:16      21 -"
    },
    "cpu_usage": 6.6,
    "memory_usage": 59.2,
    "disk_usage": 2.4,
    "disk_io": [
        356141,
        93480,
        8307703808,
        1528582144,
        153121,
        3326
    ]
}{
    "message": "\u60a8\u7684\u8ba1\u7b97\u673a\u5c06\u57282\u5206\u949f\u540e\u88ab\u9501\u5b9a\u3002",
    "network_info": {
        "hostname": "MacBook-Pro.local",
        "ip_address": "127.0.0.1",
        "mac_address": "c0:01:05:16:58:62"
    },
    "user_info": {
        "current_user": "uponly",
        "logged_users": "20:37  up 22 mins, 1 user, load averages: 2.21 2.48 3.71\nUSER     TTY      FROM              LOGIN@  IDLE WHAT\nuponly   console  -                20:16      21 -"
    },
    "cpu_usage": 7.5,
    "memory_usage": 59.3,
    "disk_usage": 2.4,
    "disk_io": [
        356145,
        93480,
        8307769344,
        1528582144,
        153123,
        3326
    ]
}{
    "message": "\u60a8\u7684\u8ba1\u7b97\u673a\u5c06\u57282\u5206\u949f\u540e\u88ab\u9501\u5b9a\u3002",
    "network_info": {
        "hostname": "MacBook-Pro.local",
        "ip_address": "127.0.0.1",
        "mac_address": "c0:01:05:16:58:62"
    },
    "user_info": {
        "current_user": "uponly",
        "logged_users": "20:37  up 22 mins, 1 user, load averages: 2.27 2.49 3.70\nUSER     TTY      FROM              LOGIN@  IDLE WHAT\nuponly   console  -                20:16      21 -"
    },
    "cpu_usage": 6.2,
    "memory_usage": 59.2,
    "disk_usage": 2.4,
    "disk_io": [
        356145,
        93480,
        8307769344,
        1528582144,
        153123,
        3326
    ]
}{
    "message": "\u60a8\u7684\u8ba1\u7b97\u673a\u5c06\u57282\u5206\u949f\u540e\u88ab\u9501\u5b9a\u3002",
    "network_info": {
        "hostname": "MacBook-Pro.local",
        "ip_address": "127.0.0.1",
        "mac_address": "c0:01:05:16:58:62"
    },
    "user_info": {
        "current_user": "uponly",
        "logged_users": "20:37  up 22 mins, 1 user, load averages: 2.27 2.49 3.70\nUSER     TTY      FROM              LOGIN@  IDLE WHAT\nuponly   console  -                20:16      21 -"
    },
    "cpu_usage": 6.2,
    "memory_usage": 59.3,
    "disk_usage": 2.4,
    "disk_io": [
        356145,
        93480,
        8307769344,
        1528582144,
        153123,
        3326
    ]
}{
    "message": "\u60a8\u7684\u8ba1\u7b97\u673a\u5c06\u57282\u5206\u949f\u540e\u88ab\u9501\u5b9a\u3002",
    "network_info": {
        "hostname": "MacBook-Pro.local",
        "ip_address": "127.0.0.1",
        "mac_address": "c0:01:05:16:58:62"
    },
    "user_info": {
        "current_user": "uponly",
        "logged_users": "20:37  up 22 mins, 1 user, load averages: 2.27 2.49 3.70\nUSER     TTY      FROM              LOGIN@  IDLE WHAT\nuponly   console  -                20:16      21 -"
    },
    "cpu_usage": 6.6,
    "memory_usage": 59.3,
    "disk_usage": 2.4,
    "disk_io": [
        356146,
        93480,
        8307773440,
        1528582144,
        153124,
        3326
    ]
}{
    "message": "\u60a8\u7684\u8ba1\u7b97\u673a\u5c06\u57282\u5206\u949f\u540e\u88ab\u9501\u5b9a\u3002",
    "network_info": {
        "hostname": "MacBook-Pro.local",
        "ip_address": "127.0.0.1",
        "mac_address": "c0:01:05:16:58:62"
    },
    "user_info": {
        "current_user": "uponly",
        "logged_users": "20:37  up 22 mins, 1 user, load averages: 2.27 2.49 3.70\nUSER     TTY      FROM              LOGIN@  IDLE WHAT\nuponly   console  -                20:16      21 -"
    },
    "cpu_usage": 7.4,
    "memory_usage": 59.2,
    "disk_usage": 2.4,
    "disk_io": [
        356146,
        93596,
        8307773440,
        1529266176,
        153124,
        3334
    ]
}{
    "message": "\u60a8\u7684\u8ba1\u7b97\u673a\u5c06\u57282\u5206\u949f\u540e\u88ab\u9501\u5b9a\u3002",
    "network_info": {
        "hostname": "MacBook-Pro.local",
        "ip_address": "127.0.0.1",
        "mac_address": "c0:01:05:16:58:62"
    },
    "user_info": {
        "current_user": "uponly",
        "logged_users": "20:37  up 22 mins, 1 user, load averages: 2.27 2.49 3.70\nUSER     TTY      FROM              LOGIN@  IDLE WHAT\nuponly   console  -                20:16      21 -"
    },
    "cpu_usage": 6.1,
    "memory_usage": 59.3,
    "disk_usage": 2.4,
    "disk_io": [
        356146,
        93604,
        8307773440,
        1529352192,
        153124,
        3335
    ]
}{
    "message": "\u60a8\u7684\u8ba1\u7b97\u673a\u5c06\u57282\u5206\u949f\u540e\u88ab\u9501\u5b9a\u3002",
    "network_info": {
        "hostname": "MacBook-Pro.local",
        "ip_address": "127.0.0.1",
        "mac_address": "c0:01:05:16:58:62"
    },
    "user_info": {
        "current_user": "uponly",
        "logged_users": "20:37  up 22 mins, 1 user, load averages: 2.25 2.48 3.69\nUSER     TTY      FROM              LOGIN@  IDLE WHAT\nuponly   console  -                20:16      21 -"
    },
    "cpu_usage": 6.7,
    "memory_usage": 59.3,
    "disk_usage": 2.4,
    "disk_io": [
        356147,
        93605,
        8307789824,
        1529356288,
        153125,
        3336
    ]
}{
    "message": "\u60a8\u7684\u8ba1\u7b97\u673a\u5c06\u57282\u5206\u949f\u540e\u88ab\u9501\u5b9a\u3002",
    "network_info": {
        "hostname": "MacBook-Pro.local",
        "ip_address": "127.0.0.1",
        "mac_address": "c0:01:05:16:58:62"
    },
    "user_info": {
        "current_user": "uponly",
        "logged_users": "20:37  up 22 mins, 1 user, load averages: 2.25 2.48 3.69\nUSER     TTY      FROM              LOGIN@  IDLE WHAT\nuponly   console  -                20:16      21 -"
    },
    "cpu_usage": 6.7,
    "memory_usage": 59.1,
    "disk_usage": 2.4,
    "disk_io": [
        356147,
        93606,
        8307789824,
        1529360384,
        153125,
        3336
    ]
}{
    "message": "\u60a8\u7684\u8ba1\u7b97\u673a\u5c06\u57282\u5206\u949f\u540e\u88ab\u9501\u5b9a\u3002",
    "network_info": {
        "hostname": "MacBook-Pro.local",
        "ip_address": "127.0.0.1",
        "mac_address": "c0:01:05:16:58:62"
    },
    "user_info": {
        "current_user": "uponly",
        "logged_users": "20:37  up 22 mins, 1 user, load averages: 2.25 2.48 3.69\nUSER     TTY      FROM              LOGIN@  IDLE WHAT\nuponly   console  -                20:16      21 -"
    },
    "cpu_usage": 5.8,
    "memory_usage": 59.2,
    "disk_usage": 2.4,
    "disk_io": [
        356147,
        93606,
        8307789824,
        1529360384,
        153125,
        3336
    ]
}{
    "message": "\u60a8\u7684\u8ba1\u7b97\u673a\u5c06\u57282\u5206\u949f\u540e\u88ab\u9501\u5b9a\u3002",
    "network_info": {
        "hostname": "MacBook-Pro.local",
        "ip_address": "127.0.0.1",
        "mac_address": "c0:01:05:16:58:62"
    },
    "user_info": {
        "current_user": "uponly",
        "logged_users": "20:37  up 22 mins, 1 user, load averages: 2.25 2.48 3.69\nUSER     TTY      FROM              LOGIN@  IDLE WHAT\nuponly   console  -                20:16      21 -"
    },
    "cpu_usage": 7.2,
    "memory_usage": 59.1,
    "disk_usage": 2.4,
    "disk_io": [
        356147,
        93606,
        8307789824,
        1529360384,
        153125,
        3336
    ]
}{
    "message": "\u60a8\u7684\u8ba1\u7b97\u673a\u5c06\u57282\u5206\u949f\u540e\u88ab\u9501\u5b9a\u3002",
    "network_info": {
        "hostname": "MacBook-Pro.local",
        "ip_address": "127.0.0.1",
        "mac_address": "c0:01:05:16:58:62"
    },
    "user_info": {
        "current_user": "uponly",
        "logged_users": "20:37  up 22 mins, 1 user, load averages: 2.15 2.46 3.67\nUSER     TTY      FROM              LOGIN@  IDLE WHAT\nuponly   console  -                20:16      21 -"
    },
    "cpu_usage": 5.8,
    "memory_usage": 59.2,
    "disk_usage": 2.4,
    "disk_io": [
        356147,
        93607,
        8307789824,
        1529364480,
        153125,
        3337
    ]
}{
    "message": "\u60a8\u7684\u8ba1\u7b97\u673a\u5c06\u57282\u5206\u949f\u540e\u88ab\u9501\u5b9a\u3002",
    "network_info": {
        "hostname": "MacBook-Pro.local",
        "ip_address": "127.0.0.1",
        "mac_address": "c0:01:05:16:58:62"
    },
    "user_info": {
        "current_user": "uponly",
        "logged_users": "20:37  up 22 mins, 1 user, load averages: 2.15 2.46 3.67\nUSER     TTY      FROM              LOGIN@  IDLE WHAT\nuponly   console  -                20:16      21 -"
    },
    "cpu_usage": 6.5,
    "memory_usage": 59.1,
    "disk_usage": 2.4,
    "disk_io": [
        356147,
        93726,
        8307789824,
        1530003456,
        153125,
        3345
    ]
}